<?xml version="1.0" encoding="UTF-8"?>
<!-- Generated by org.testng.reporters.JUnitXMLReporter -->
<testsuite ignored="0" hostname="Mayur" failures="0" tests="7" name="Test" time="49.147" errors="0" timestamp="2023-11-08T14:40:01 IST">
  <testcase classname="Mayur.POMProject.LoginTest" name="verifylogin" time="0.463"/>
  <testcase classname="Mayur.POMProject.HomeTest" name="verifyHompageUrl" time="0.385"/>
  <testcase classname="Mayur.POMProject.AddToCartTest" name="VerifyAddToCartFromHome" time="0.588"/>
  <testcase classname="Mayur.POMProject.AddTocartFromProductPage" name="VerifyAddToCartFromProductPage" time="0.741"/>
  <testcase classname="Mayur.POMProject.DeleteProduct" name="verifyDeleteFromCart" time="10.466"/>
  <testcase classname="Mayur.POMProject.DeleteProduct" name="verifyDeleteFromHomePage" time="10.435"/>
  <testcase classname="Mayur.POMProject.LogoutTest" name="VerifyLogout" time="0.721"/>
</testsuite> <!-- Test -->
