<?xml version="1.0" encoding="UTF-8"?>
<!-- Generated by org.testng.reporters.JUnitXMLReporter -->
<testsuite ignored="0" hostname="Mayur" failures="0" tests="9" name="Test" time="38.398" errors="0" timestamp="2023-07-17T19:41:10 IST">
  <testcase classname="Mayur.POMProject.LoginTest" name="verifylogin" time="0.431"/>
  <testcase classname="Mayur.POMProject.HomeTest" name="verifyHompageUrl" time="0.315"/>
  <testcase classname="Mayur.POMProject.SelectItemVerify" name="verifySearchItem" time="0.565"/>
  <testcase classname="Mayur.POMProject.PrintAllProducts" name="verifyPrintItem" time="0.793"/>
  <testcase classname="Mayur.POMProject.AddToCartTest" name="VerifyAddToCartFromHome" time="0.615"/>
  <testcase classname="Mayur.POMProject.AddTocartFromProductPage" name="VerifyAddToCartFromProductPage" time="0.834"/>
  <testcase classname="Mayur.POMProject.DeleteProduct" name="verifyDeleteFromCart" time="0.521"/>
  <testcase classname="Mayur.POMProject.DeleteProduct" name="verifyDeleteFromHomePage" time="0.628"/>
  <testcase classname="Mayur.POMProject.LogoutTest" name="VerifyLogout" time="0.603"/>
</testsuite> <!-- Test -->
