<?xml version="1.0" encoding="UTF-8"?>
<testng-results ignored="0" total="2" passed="2" failed="0" skipped="0">
  <reporter-output>
  </reporter-output>
  <suite started-at="2023-11-08T14:40:25 IST" name="Default suite" finished-at="2023-11-08T14:40:49 IST" duration-ms="24279">
    <groups>
    </groups>
    <test started-at="2023-11-08T14:40:25 IST" name="Default test" finished-at="2023-11-08T14:40:49 IST" duration-ms="24279">
      <class name="Mayur.POMProject.DeleteProduct">
        <test-method is-config="true" signature="SetUp()[pri:0, instance:Mayur.POMProject.DeleteProduct@22ef9844]" started-at="2023-11-08T14:40:25 IST" name="SetUp" finished-at="2023-11-08T14:40:28 IST" duration-ms="2641" status="PASS">
          <reporter-output>
          </reporter-output>
        </test-method> <!-- SetUp -->
        <test-method is-config="true" signature="objectmethod()[pri:0, instance:Mayur.POMProject.DeleteProduct@22ef9844]" started-at="2023-11-08T14:40:28 IST" name="objectmethod" finished-at="2023-11-08T14:40:28 IST" duration-ms="32" status="PASS">
          <reporter-output>
          </reporter-output>
        </test-method> <!-- objectmethod -->
        <test-method signature="verifyDeleteFromCart()[pri:0, instance:Mayur.POMProject.DeleteProduct@22ef9844]" started-at="2023-11-08T14:40:28 IST" name="verifyDeleteFromCart" finished-at="2023-11-08T14:40:38 IST" duration-ms="10528" status="PASS">
          <reporter-output>
          </reporter-output>
        </test-method> <!-- verifyDeleteFromCart -->
        <test-method is-config="true" signature="ScreenshotOnFail(org.testng.ITestResult)[pri:0, instance:Mayur.POMProject.DeleteProduct@22ef9844]" started-at="2023-11-08T14:40:38 IST" name="ScreenshotOnFail" finished-at="2023-11-08T14:40:39 IST" duration-ms="118" status="PASS">
          <params>
            <param index="0">
              <value>
                <![CDATA[[TestResult name=verifyDeleteFromCart status=SUCCESS method=DeleteProduct.verifyDeleteFromCart()[pri:0, instance:Mayur.POMProject.DeleteProduct@22ef9844] output={null}]]]>
              </value>
            </param>
          </params>
          <reporter-output>
          </reporter-output>
        </test-method> <!-- ScreenshotOnFail -->
        <test-method signature="verifyDeleteFromHomePage()[pri:1, instance:Mayur.POMProject.DeleteProduct@22ef9844]" started-at="2023-11-08T14:40:39 IST" name="verifyDeleteFromHomePage" finished-at="2023-11-08T14:40:49 IST" duration-ms="10457" status="PASS">
          <reporter-output>
          </reporter-output>
        </test-method> <!-- verifyDeleteFromHomePage -->
        <test-method is-config="true" signature="ScreenshotOnFail(org.testng.ITestResult)[pri:0, instance:Mayur.POMProject.DeleteProduct@22ef9844]" started-at="2023-11-08T14:40:49 IST" name="ScreenshotOnFail" finished-at="2023-11-08T14:40:49 IST" duration-ms="70" status="PASS">
          <params>
            <param index="0">
              <value>
                <![CDATA[[TestResult name=verifyDeleteFromHomePage status=SUCCESS method=DeleteProduct.verifyDeleteFromHomePage()[pri:1, instance:Mayur.POMProject.DeleteProduct@22ef9844] output={null}]]]>
              </value>
            </param>
          </params>
          <reporter-output>
          </reporter-output>
        </test-method> <!-- ScreenshotOnFail -->
        <test-method is-config="true" signature="Close()[pri:0, instance:Mayur.POMProject.DeleteProduct@22ef9844]" started-at="2023-11-08T14:40:49 IST" name="Close" finished-at="2023-11-08T14:40:49 IST" duration-ms="396" status="PASS">
          <reporter-output>
          </reporter-output>
        </test-method> <!-- Close -->
        <test-method is-config="true" signature="cleanUp()[pri:0, instance:Mayur.POMProject.DeleteProduct@22ef9844]" started-at="2023-11-08T14:40:49 IST" name="cleanUp" finished-at="2023-11-08T14:40:49 IST" duration-ms="0" status="PASS">
          <reporter-output>
          </reporter-output>
        </test-method> <!-- cleanUp -->
      </class> <!-- Mayur.POMProject.DeleteProduct -->
    </test> <!-- Default test -->
  </suite> <!-- Default suite -->
</testng-results>
