<?xml version="1.0" encoding="UTF-8"?>
<testng-results ignored="0" total="9" passed="9" failed="0" skipped="0">
  <reporter-output>
  </reporter-output>
  <suite started-at="2023-07-17T19:40:31 IST" name="Suite" finished-at="2023-07-17T19:41:10 IST" duration-ms="38398">
    <groups>
    </groups>
    <test started-at="2023-07-17T19:40:31 IST" name="Test" finished-at="2023-07-17T19:41:10 IST" duration-ms="38398">
      <class name="Mayur.POMProject.PrintAllProducts">
        <test-method is-config="true" signature="SetUp()[pri:0, instance:Mayur.POMProject.PrintAllProducts@290222c1]" started-at="2023-07-17T19:40:46 IST" name="SetUp" finished-at="2023-07-17T19:40:49 IST" duration-ms="3372" status="PASS">
          <reporter-output>
          </reporter-output>
        </test-method> <!-- SetUp -->
        <test-method is-config="true" signature="objectmethod()[pri:0, instance:Mayur.POMProject.PrintAllProducts@290222c1]" started-at="2023-07-17T19:40:49 IST" name="objectmethod" finished-at="2023-07-17T19:40:49 IST" duration-ms="3" status="PASS">
          <reporter-output>
          </reporter-output>
        </test-method> <!-- objectmethod -->
        <test-method signature="verifyPrintItem()[pri:0, instance:Mayur.POMProject.PrintAllProducts@290222c1]" started-at="2023-07-17T19:40:49 IST" name="verifyPrintItem" finished-at="2023-07-17T19:40:50 IST" duration-ms="793" status="PASS">
          <reporter-output>
          </reporter-output>
        </test-method> <!-- verifyPrintItem -->
        <test-method is-config="true" signature="ScreenshotOnFail(org.testng.ITestResult)[pri:0, instance:Mayur.POMProject.PrintAllProducts@290222c1]" started-at="2023-07-17T19:40:50 IST" name="ScreenshotOnFail" finished-at="2023-07-17T19:40:50 IST" duration-ms="148" status="PASS">
          <params>
            <param index="0">
              <value>
                <![CDATA[[TestResult name=verifyPrintItem status=SUCCESS method=PrintAllProducts.verifyPrintItem()[pri:0, instance:Mayur.POMProject.PrintAllProducts@290222c1] output={null}]]]>
              </value>
            </param>
          </params>
          <reporter-output>
          </reporter-output>
        </test-method> <!-- ScreenshotOnFail -->
        <test-method is-config="true" signature="Close()[pri:0, instance:Mayur.POMProject.PrintAllProducts@290222c1]" started-at="2023-07-17T19:40:50 IST" name="Close" finished-at="2023-07-17T19:40:50 IST" duration-ms="487" status="PASS">
          <reporter-output>
          </reporter-output>
        </test-method> <!-- Close -->
        <test-method is-config="true" signature="cleanUp()[pri:0, instance:Mayur.POMProject.PrintAllProducts@290222c1]" started-at="2023-07-17T19:40:50 IST" name="cleanUp" finished-at="2023-07-17T19:40:50 IST" duration-ms="0" status="PASS">
          <reporter-output>
          </reporter-output>
        </test-method> <!-- cleanUp -->
      </class> <!-- Mayur.POMProject.PrintAllProducts -->
      <class name="Mayur.POMProject.LoginTest">
        <test-method is-config="true" signature="SetUp()[pri:0, instance:Mayur.POMProject.LoginTest@2c1b194a]" started-at="2023-07-17T19:40:31 IST" name="SetUp" finished-at="2023-07-17T19:40:36 IST" duration-ms="4407" status="PASS">
          <reporter-output>
          </reporter-output>
        </test-method> <!-- SetUp -->
        <test-method is-config="true" signature="objectmethod()[pri:0, instance:Mayur.POMProject.LoginTest@2c1b194a]" started-at="2023-07-17T19:40:36 IST" name="objectmethod" finished-at="2023-07-17T19:40:36 IST" duration-ms="50" status="PASS">
          <reporter-output>
          </reporter-output>
        </test-method> <!-- objectmethod -->
        <test-method signature="verifylogin()[pri:0, instance:Mayur.POMProject.LoginTest@2c1b194a]" started-at="2023-07-17T19:40:36 IST" name="verifylogin" finished-at="2023-07-17T19:40:36 IST" duration-ms="431" status="PASS">
          <reporter-output>
          </reporter-output>
        </test-method> <!-- verifylogin -->
        <test-method is-config="true" signature="ScreenshotOnFail(org.testng.ITestResult)[pri:0, instance:Mayur.POMProject.LoginTest@2c1b194a]" started-at="2023-07-17T19:40:36 IST" name="ScreenshotOnFail" finished-at="2023-07-17T19:40:36 IST" duration-ms="104" status="PASS">
          <params>
            <param index="0">
              <value>
                <![CDATA[[TestResult name=verifylogin status=SUCCESS method=LoginTest.verifylogin()[pri:0, instance:Mayur.POMProject.LoginTest@2c1b194a] output={null}]]]>
              </value>
            </param>
          </params>
          <reporter-output>
          </reporter-output>
        </test-method> <!-- ScreenshotOnFail -->
        <test-method is-config="true" signature="Close()[pri:0, instance:Mayur.POMProject.LoginTest@2c1b194a]" started-at="2023-07-17T19:40:36 IST" name="Close" finished-at="2023-07-17T19:40:37 IST" duration-ms="466" status="PASS">
          <reporter-output>
          </reporter-output>
        </test-method> <!-- Close -->
        <test-method is-config="true" signature="cleanUp()[pri:0, instance:Mayur.POMProject.LoginTest@2c1b194a]" started-at="2023-07-17T19:40:37 IST" name="cleanUp" finished-at="2023-07-17T19:40:37 IST" duration-ms="1" status="PASS">
          <reporter-output>
          </reporter-output>
        </test-method> <!-- cleanUp -->
      </class> <!-- Mayur.POMProject.LoginTest -->
      <class name="Mayur.POMProject.HomeTest">
        <test-method is-config="true" signature="SetUp()[pri:0, instance:Mayur.POMProject.HomeTest@3cebbb30]" started-at="2023-07-17T19:40:37 IST" name="SetUp" finished-at="2023-07-17T19:40:40 IST" duration-ms="3319" status="PASS">
          <reporter-output>
          </reporter-output>
        </test-method> <!-- SetUp -->
        <test-method is-config="true" signature="objectmethod()[pri:0, instance:Mayur.POMProject.HomeTest@3cebbb30]" started-at="2023-07-17T19:40:40 IST" name="objectmethod" finished-at="2023-07-17T19:40:40 IST" duration-ms="1" status="PASS">
          <reporter-output>
          </reporter-output>
        </test-method> <!-- objectmethod -->
        <test-method signature="verifyHompageUrl()[pri:0, instance:Mayur.POMProject.HomeTest@3cebbb30]" started-at="2023-07-17T19:40:40 IST" name="verifyHompageUrl" finished-at="2023-07-17T19:40:40 IST" duration-ms="315" status="PASS">
          <reporter-output>
          </reporter-output>
        </test-method> <!-- verifyHompageUrl -->
        <test-method is-config="true" signature="ScreenshotOnFail(org.testng.ITestResult)[pri:0, instance:Mayur.POMProject.HomeTest@3cebbb30]" started-at="2023-07-17T19:40:40 IST" name="ScreenshotOnFail" finished-at="2023-07-17T19:40:41 IST" duration-ms="110" status="PASS">
          <params>
            <param index="0">
              <value>
                <![CDATA[[TestResult name=verifyHompageUrl status=SUCCESS method=HomeTest.verifyHompageUrl()[pri:0, instance:Mayur.POMProject.HomeTest@3cebbb30] output={null}]]]>
              </value>
            </param>
          </params>
          <reporter-output>
          </reporter-output>
        </test-method> <!-- ScreenshotOnFail -->
        <test-method is-config="true" signature="Close()[pri:0, instance:Mayur.POMProject.HomeTest@3cebbb30]" started-at="2023-07-17T19:40:41 IST" name="Close" finished-at="2023-07-17T19:40:41 IST" duration-ms="521" status="PASS">
          <reporter-output>
          </reporter-output>
        </test-method> <!-- Close -->
        <test-method is-config="true" signature="cleanUp()[pri:0, instance:Mayur.POMProject.HomeTest@3cebbb30]" started-at="2023-07-17T19:40:41 IST" name="cleanUp" finished-at="2023-07-17T19:40:41 IST" duration-ms="0" status="PASS">
          <reporter-output>
          </reporter-output>
        </test-method> <!-- cleanUp -->
      </class> <!-- Mayur.POMProject.HomeTest -->
      <class name="Mayur.POMProject.AddToCartTest">
        <test-method is-config="true" signature="SetUp()[pri:0, instance:Mayur.POMProject.AddToCartTest@67f639d3]" started-at="2023-07-17T19:40:50 IST" name="SetUp" finished-at="2023-07-17T19:40:54 IST" duration-ms="3450" status="PASS">
          <reporter-output>
          </reporter-output>
        </test-method> <!-- SetUp -->
        <test-method is-config="true" signature="objectmethod()[pri:0, instance:Mayur.POMProject.AddToCartTest@67f639d3]" started-at="2023-07-17T19:40:54 IST" name="objectmethod" finished-at="2023-07-17T19:40:54 IST" duration-ms="1" status="PASS">
          <reporter-output>
          </reporter-output>
        </test-method> <!-- objectmethod -->
        <test-method signature="VerifyAddToCartFromHome()[pri:0, instance:Mayur.POMProject.AddToCartTest@67f639d3]" started-at="2023-07-17T19:40:54 IST" name="VerifyAddToCartFromHome" finished-at="2023-07-17T19:40:54 IST" duration-ms="615" status="PASS">
          <reporter-output>
          </reporter-output>
        </test-method> <!-- VerifyAddToCartFromHome -->
        <test-method is-config="true" signature="ScreenshotOnFail(org.testng.ITestResult)[pri:0, instance:Mayur.POMProject.AddToCartTest@67f639d3]" started-at="2023-07-17T19:40:54 IST" name="ScreenshotOnFail" finished-at="2023-07-17T19:40:55 IST" duration-ms="106" status="PASS">
          <params>
            <param index="0">
              <value>
                <![CDATA[[TestResult name=VerifyAddToCartFromHome status=SUCCESS method=AddToCartTest.VerifyAddToCartFromHome()[pri:0, instance:Mayur.POMProject.AddToCartTest@67f639d3] output={null}]]]>
              </value>
            </param>
          </params>
          <reporter-output>
          </reporter-output>
        </test-method> <!-- ScreenshotOnFail -->
        <test-method is-config="true" signature="Close()[pri:0, instance:Mayur.POMProject.AddToCartTest@67f639d3]" started-at="2023-07-17T19:40:55 IST" name="Close" finished-at="2023-07-17T19:40:55 IST" duration-ms="566" status="PASS">
          <reporter-output>
          </reporter-output>
        </test-method> <!-- Close -->
        <test-method is-config="true" signature="cleanUp()[pri:0, instance:Mayur.POMProject.AddToCartTest@67f639d3]" started-at="2023-07-17T19:40:55 IST" name="cleanUp" finished-at="2023-07-17T19:40:55 IST" duration-ms="0" status="PASS">
          <reporter-output>
          </reporter-output>
        </test-method> <!-- cleanUp -->
      </class> <!-- Mayur.POMProject.AddToCartTest -->
      <class name="Mayur.POMProject.DeleteProduct">
        <test-method is-config="true" signature="SetUp()[pri:0, instance:Mayur.POMProject.DeleteProduct@27462a88]" started-at="2023-07-17T19:41:00 IST" name="SetUp" finished-at="2023-07-17T19:41:03 IST" duration-ms="3188" status="PASS">
          <reporter-output>
          </reporter-output>
        </test-method> <!-- SetUp -->
        <test-method is-config="true" signature="objectmethod()[pri:0, instance:Mayur.POMProject.DeleteProduct@27462a88]" started-at="2023-07-17T19:41:03 IST" name="objectmethod" finished-at="2023-07-17T19:41:03 IST" duration-ms="0" status="PASS">
          <reporter-output>
          </reporter-output>
        </test-method> <!-- objectmethod -->
        <test-method signature="verifyDeleteFromCart()[pri:0, instance:Mayur.POMProject.DeleteProduct@27462a88]" started-at="2023-07-17T19:41:03 IST" name="verifyDeleteFromCart" finished-at="2023-07-17T19:41:03 IST" duration-ms="521" status="PASS">
          <reporter-output>
          </reporter-output>
        </test-method> <!-- verifyDeleteFromCart -->
        <test-method is-config="true" signature="ScreenshotOnFail(org.testng.ITestResult)[pri:0, instance:Mayur.POMProject.DeleteProduct@27462a88]" started-at="2023-07-17T19:41:03 IST" name="ScreenshotOnFail" finished-at="2023-07-17T19:41:04 IST" duration-ms="71" status="PASS">
          <params>
            <param index="0">
              <value>
                <![CDATA[[TestResult name=verifyDeleteFromCart status=SUCCESS method=DeleteProduct.verifyDeleteFromCart()[pri:0, instance:Mayur.POMProject.DeleteProduct@27462a88] output={null}]]]>
              </value>
            </param>
          </params>
          <reporter-output>
          </reporter-output>
        </test-method> <!-- ScreenshotOnFail -->
        <test-method signature="verifyDeleteFromHomePage()[pri:1, instance:Mayur.POMProject.DeleteProduct@27462a88]" started-at="2023-07-17T19:41:04 IST" name="verifyDeleteFromHomePage" finished-at="2023-07-17T19:41:04 IST" duration-ms="628" status="PASS">
          <reporter-output>
          </reporter-output>
        </test-method> <!-- verifyDeleteFromHomePage -->
        <test-method is-config="true" signature="ScreenshotOnFail(org.testng.ITestResult)[pri:0, instance:Mayur.POMProject.DeleteProduct@27462a88]" started-at="2023-07-17T19:41:04 IST" name="ScreenshotOnFail" finished-at="2023-07-17T19:41:04 IST" duration-ms="68" status="PASS">
          <params>
            <param index="0">
              <value>
                <![CDATA[[TestResult name=verifyDeleteFromHomePage status=SUCCESS method=DeleteProduct.verifyDeleteFromHomePage()[pri:1, instance:Mayur.POMProject.DeleteProduct@27462a88] output={null}]]]>
              </value>
            </param>
          </params>
          <reporter-output>
          </reporter-output>
        </test-method> <!-- ScreenshotOnFail -->
        <test-method is-config="true" signature="Close()[pri:0, instance:Mayur.POMProject.DeleteProduct@27462a88]" started-at="2023-07-17T19:41:04 IST" name="Close" finished-at="2023-07-17T19:41:05 IST" duration-ms="481" status="PASS">
          <reporter-output>
          </reporter-output>
        </test-method> <!-- Close -->
        <test-method is-config="true" signature="cleanUp()[pri:0, instance:Mayur.POMProject.DeleteProduct@27462a88]" started-at="2023-07-17T19:41:05 IST" name="cleanUp" finished-at="2023-07-17T19:41:05 IST" duration-ms="1" status="PASS">
          <reporter-output>
          </reporter-output>
        </test-method> <!-- cleanUp -->
      </class> <!-- Mayur.POMProject.DeleteProduct -->
      <class name="Mayur.POMProject.SelectItemVerify">
        <test-method is-config="true" signature="SetUp()[pri:0, instance:Mayur.POMProject.SelectItemVerify@12aba8be]" started-at="2023-07-17T19:40:41 IST" name="SetUp" finished-at="2023-07-17T19:40:45 IST" duration-ms="3386" status="PASS">
          <reporter-output>
          </reporter-output>
        </test-method> <!-- SetUp -->
        <test-method is-config="true" signature="objectmethod()[pri:0, instance:Mayur.POMProject.SelectItemVerify@12aba8be]" started-at="2023-07-17T19:40:45 IST" name="objectmethod" finished-at="2023-07-17T19:40:45 IST" duration-ms="3" status="PASS">
          <reporter-output>
          </reporter-output>
        </test-method> <!-- objectmethod -->
        <test-method signature="verifySearchItem()[pri:0, instance:Mayur.POMProject.SelectItemVerify@12aba8be]" started-at="2023-07-17T19:40:45 IST" name="verifySearchItem" finished-at="2023-07-17T19:40:45 IST" duration-ms="565" status="PASS">
          <reporter-output>
          </reporter-output>
        </test-method> <!-- verifySearchItem -->
        <test-method is-config="true" signature="ScreenshotOnFail(org.testng.ITestResult)[pri:0, instance:Mayur.POMProject.SelectItemVerify@12aba8be]" started-at="2023-07-17T19:40:45 IST" name="ScreenshotOnFail" finished-at="2023-07-17T19:40:45 IST" duration-ms="114" status="PASS">
          <params>
            <param index="0">
              <value>
                <![CDATA[[TestResult name=verifySearchItem status=SUCCESS method=SelectItemVerify.verifySearchItem()[pri:0, instance:Mayur.POMProject.SelectItemVerify@12aba8be] output={null}]]]>
              </value>
            </param>
          </params>
          <reporter-output>
          </reporter-output>
        </test-method> <!-- ScreenshotOnFail -->
        <test-method is-config="true" signature="Close()[pri:0, instance:Mayur.POMProject.SelectItemVerify@12aba8be]" started-at="2023-07-17T19:40:45 IST" name="Close" finished-at="2023-07-17T19:40:46 IST" duration-ms="392" status="PASS">
          <reporter-output>
          </reporter-output>
        </test-method> <!-- Close -->
        <test-method is-config="true" signature="cleanUp()[pri:0, instance:Mayur.POMProject.SelectItemVerify@12aba8be]" started-at="2023-07-17T19:40:46 IST" name="cleanUp" finished-at="2023-07-17T19:40:46 IST" duration-ms="0" status="PASS">
          <reporter-output>
          </reporter-output>
        </test-method> <!-- cleanUp -->
      </class> <!-- Mayur.POMProject.SelectItemVerify -->
      <class name="Mayur.POMProject.AddTocartFromProductPage">
        <test-method is-config="true" signature="SetUp()[pri:0, instance:Mayur.POMProject.AddTocartFromProductPage@6253c26]" started-at="2023-07-17T19:40:55 IST" name="SetUp" finished-at="2023-07-17T19:40:58 IST" duration-ms="3297" status="PASS">
          <reporter-output>
          </reporter-output>
        </test-method> <!-- SetUp -->
        <test-method is-config="true" signature="objectmethod()[pri:0, instance:Mayur.POMProject.AddTocartFromProductPage@6253c26]" started-at="2023-07-17T19:40:58 IST" name="objectmethod" finished-at="2023-07-17T19:40:58 IST" duration-ms="2" status="PASS">
          <reporter-output>
          </reporter-output>
        </test-method> <!-- objectmethod -->
        <test-method signature="VerifyAddToCartFromProductPage()[pri:0, instance:Mayur.POMProject.AddTocartFromProductPage@6253c26]" started-at="2023-07-17T19:40:58 IST" name="VerifyAddToCartFromProductPage" finished-at="2023-07-17T19:40:59 IST" duration-ms="834" status="PASS">
          <reporter-output>
          </reporter-output>
        </test-method> <!-- VerifyAddToCartFromProductPage -->
        <test-method is-config="true" signature="ScreenshotOnFail(org.testng.ITestResult)[pri:0, instance:Mayur.POMProject.AddTocartFromProductPage@6253c26]" started-at="2023-07-17T19:40:59 IST" name="ScreenshotOnFail" finished-at="2023-07-17T19:40:59 IST" duration-ms="91" status="PASS">
          <params>
            <param index="0">
              <value>
                <![CDATA[[TestResult name=VerifyAddToCartFromProductPage status=SUCCESS method=AddTocartFromProductPage.VerifyAddToCartFromProductPage()[pri:0, instance:Mayur.POMProject.AddTocartFromProductPage@6253c26] output={null}]]]>
              </value>
            </param>
          </params>
          <reporter-output>
          </reporter-output>
        </test-method> <!-- ScreenshotOnFail -->
        <test-method is-config="true" signature="Close()[pri:0, instance:Mayur.POMProject.AddTocartFromProductPage@6253c26]" started-at="2023-07-17T19:40:59 IST" name="Close" finished-at="2023-07-17T19:41:00 IST" duration-ms="427" status="PASS">
          <reporter-output>
          </reporter-output>
        </test-method> <!-- Close -->
        <test-method is-config="true" signature="cleanUp()[pri:0, instance:Mayur.POMProject.AddTocartFromProductPage@6253c26]" started-at="2023-07-17T19:41:00 IST" name="cleanUp" finished-at="2023-07-17T19:41:00 IST" duration-ms="0" status="PASS">
          <reporter-output>
          </reporter-output>
        </test-method> <!-- cleanUp -->
      </class> <!-- Mayur.POMProject.AddTocartFromProductPage -->
      <class name="Mayur.POMProject.LogoutTest">
        <test-method is-config="true" signature="SetUp()[pri:0, instance:Mayur.POMProject.LogoutTest@82de64a]" started-at="2023-07-17T19:41:05 IST" name="SetUp" finished-at="2023-07-17T19:41:08 IST" duration-ms="3403" status="PASS">
          <reporter-output>
          </reporter-output>
        </test-method> <!-- SetUp -->
        <test-method is-config="true" signature="objectmethod()[pri:0, instance:Mayur.POMProject.LogoutTest@82de64a]" started-at="2023-07-17T19:41:08 IST" name="objectmethod" finished-at="2023-07-17T19:41:08 IST" duration-ms="2" status="PASS">
          <reporter-output>
          </reporter-output>
        </test-method> <!-- objectmethod -->
        <test-method signature="VerifyLogout()[pri:0, instance:Mayur.POMProject.LogoutTest@82de64a]" started-at="2023-07-17T19:41:08 IST" name="VerifyLogout" finished-at="2023-07-17T19:41:09 IST" duration-ms="603" status="PASS">
          <reporter-output>
          </reporter-output>
        </test-method> <!-- VerifyLogout -->
        <test-method is-config="true" signature="ScreenshotOnFail(org.testng.ITestResult)[pri:0, instance:Mayur.POMProject.LogoutTest@82de64a]" started-at="2023-07-17T19:41:09 IST" name="ScreenshotOnFail" finished-at="2023-07-17T19:41:09 IST" duration-ms="504" status="PASS">
          <params>
            <param index="0">
              <value>
                <![CDATA[[TestResult name=VerifyLogout status=SUCCESS method=LogoutTest.VerifyLogout()[pri:0, instance:Mayur.POMProject.LogoutTest@82de64a] output={null}]]]>
              </value>
            </param>
          </params>
          <reporter-output>
          </reporter-output>
        </test-method> <!-- ScreenshotOnFail -->
        <test-method is-config="true" signature="Close()[pri:0, instance:Mayur.POMProject.LogoutTest@82de64a]" started-at="2023-07-17T19:41:09 IST" name="Close" finished-at="2023-07-17T19:41:10 IST" duration-ms="496" status="PASS">
          <reporter-output>
          </reporter-output>
        </test-method> <!-- Close -->
        <test-method is-config="true" signature="cleanUp()[pri:0, instance:Mayur.POMProject.LogoutTest@82de64a]" started-at="2023-07-17T19:41:10 IST" name="cleanUp" finished-at="2023-07-17T19:41:10 IST" duration-ms="0" status="PASS">
          <reporter-output>
          </reporter-output>
        </test-method> <!-- cleanUp -->
      </class> <!-- Mayur.POMProject.LogoutTest -->
    </test> <!-- Test -->
  </suite> <!-- Suite -->
</testng-results>
